2026-07-07 14:55:23,265 - INFO - ============================================================
2026-07-07 14:55:23,265 - INFO - 开始数据预处理流水线
2026-07-07 14:55:23,266 - INFO - ============================================================
2026-07-07 14:55:23,266 - INFO - 步骤1: 读取数据...
2026-07-07 14:55:23,267 - ERROR - 读取失败: [Errno 2] No such file or directory: 'data/raw/comments.csv'
2026-07-07 14:55:23,267 - ERROR - 读取失败: [Errno 2] No such file or directory: 'data/raw/comments.csv'
2026-07-07 14:55:23,269 - ERROR - 读取失败: [Errno 2] No such file or directory: 'data/raw/comments.csv'
2026-07-07 14:55:23,271 - ERROR - 读取失败: [Errno 2] No such file or directory: 'data/raw/comments.csv'
2026-07-07 14:55:23,272 - ERROR - 读取失败: [Errno 2] No such file or directory: 'data/raw/comments.csv'
2026-07-07 15:00:12,699 - INFO - ============================================================
2026-07-07 15:00:12,699 - INFO - 开始数据预处理流水线
2026-07-07 15:00:12,699 - INFO - ============================================================
2026-07-07 15:00:12,699 - INFO - 步骤1: 读取数据...
2026-07-07 15:00:12,713 - INFO - 成功使用 utf-8 编码读取文件
2026-07-07 15:00:12,713 - INFO - 原始数据量: 15 条
2026-07-07 15:00:12,713 - INFO - 步骤2: 清洗文本...
2026-07-07 15:00:12,720 - INFO - 步骤3: 标签映射...
2026-07-07 15:00:12,721 - INFO - 步骤4: 过滤数据...
2026-07-07 15:00:12,723 - INFO - 步骤5: 去重...
2026-07-07 15:00:12,723 - INFO - 去重移除: 0 条
2026-07-07 15:00:12,723 - INFO - 步骤6: 统计...
2026-07-07 15:00:12,724 - INFO - 最终数据量: 0 条
